modules/semora-recorder/android/build/intermediates/manifest_merge_blame_file/release/processReleaseManifest/manifest-merger-blame-release-report.txt
1<?xml version="1.0" encoding="utf-8"?>
2<manifest xmlns:android="http://schemas.android.com/apk/res/android"
3    package="expo.modules.semorarecorder" >
4
5    <uses-sdk android:minSdkVersion="24" />
6
7    <uses-permission android:name="android.permission.RECORD_AUDIO" />
7-->src/main/AndroidManifest.xml:2:3-69
7-->src/main/AndroidManifest.xml:2:20-66
8    <uses-permission android:name="android.permission.FOREGROUND_SERVICE" />
8-->src/main/AndroidManifest.xml:3:3-75
8-->src/main/AndroidManifest.xml:3:20-72
9    <uses-permission android:name="android.permission.FOREGROUND_SERVICE_MICROPHONE" />
9-->src/main/AndroidManifest.xml:4:3-86
9-->src/main/AndroidManifest.xml:4:20-83
10    <uses-permission android:name="android.permission.POST_NOTIFICATIONS" />
10-->src/main/AndroidManifest.xml:5:3-75
10-->src/main/AndroidManifest.xml:5:20-72
11
12    <application>
12-->src/main/AndroidManifest.xml:7:3-15:17
13
14        <!--
15         Holds the microphone for a whole lecture. Started only from the visible
16         app (Android 12+ forbids starting a microphone foreground service from
17         the background), and kept running until Stop.
18        -->
19        <service
19-->src/main/AndroidManifest.xml:11:5-14:52
20            android:name="expo.modules.semorarecorder.LectureRecordingService"
20-->src/main/AndroidManifest.xml:12:7-73
21            android:exported="false"
21-->src/main/AndroidManifest.xml:13:7-31
22            android:foregroundServiceType="microphone" />
22-->src/main/AndroidManifest.xml:14:7-49
23    </application>
24
25</manifest>